[0.009s] Invoking command in '/workspace/spear/ackermann_ws/build/ackermann_nav': CMAKE_PREFIX_PATH=/opt/ros/humble /usr/bin/cmake /workspace/spear/ackermann_ws/src/ackermann_nav -DAMENT_CMAKE_SYMLINK_INSTALL=1 -DCMAKE_INSTALL_PREFIX=/workspace/spear/ackermann_ws/install/ackermann_nav
[0.050s] -- The C compiler identification is GNU 11.4.0
[0.086s] -- The CXX compiler identification is GNU 11.4.0
[0.091s] -- Detecting C compiler ABI info
[0.147s] -- Detecting C compiler ABI info - done
[0.151s] -- Check for working C compiler: /usr/bin/cc - skipped
[0.151s] -- Detecting C compile features
[0.151s] -- Detecting C compile features - done
[0.153s] -- Detecting CXX compiler ABI info
[0.211s] -- Detecting CXX compiler ABI info - done
[0.216s] -- Check for working CXX compiler: /usr/bin/c++ - skipped
[0.216s] -- Detecting CXX compile features
[0.216s] -- Detecting CXX compile features - done
[0.219s] -- Found ament_cmake: 1.3.12 (/opt/ros/humble/share/ament_cmake/cmake)
[0.318s] -- Found Python3: /usr/bin/python3 (found version "3.10.12") found components: Interpreter 
[0.363s] -- Override CMake install command with custom implementation using symlinks instead of copying resources
[0.388s] -- Found rclcpp: 16.0.17 (/opt/ros/humble/share/rclcpp/cmake)
[0.417s] -- Found rosidl_generator_c: 3.1.8 (/opt/ros/humble/share/rosidl_generator_c/cmake)
[0.423s] -- Found rosidl_adapter: 3.1.8 (/opt/ros/humble/share/rosidl_adapter/cmake)
[0.429s] -- Found rosidl_generator_cpp: 3.1.8 (/opt/ros/humble/share/rosidl_generator_cpp/cmake)
[0.438s] -- Using all available rosidl_typesupport_c: rosidl_typesupport_fastrtps_c;rosidl_typesupport_introspection_c
[0.451s] -- Using all available rosidl_typesupport_cpp: rosidl_typesupport_fastrtps_cpp;rosidl_typesupport_introspection_cpp
[0.481s] -- Found rmw_implementation_cmake: 6.1.2 (/opt/ros/humble/share/rmw_implementation_cmake/cmake)
[0.483s] -- Found rmw_fastrtps_cpp: 6.2.9 (/opt/ros/humble/share/rmw_fastrtps_cpp/cmake)
[0.546s] -- Found OpenSSL: /usr/lib/x86_64-linux-gnu/libcrypto.so (found version "3.0.2")  
[0.566s] -- Found FastRTPS: /opt/ros/humble/include  
[0.600s] -- Using RMW implementation 'rmw_fastrtps_cpp' as default
[0.609s] -- Looking for pthread.h
[0.658s] -- Looking for pthread.h - found
[0.658s] -- Performing Test CMAKE_HAVE_LIBC_PTHREAD
[0.710s] -- Performing Test CMAKE_HAVE_LIBC_PTHREAD - Success
[0.710s] -- Found Threads: TRUE  
[0.747s] -- Found sensor_msgs: 4.9.0 (/opt/ros/humble/share/sensor_msgs/cmake)
[0.768s] -- Found nav_msgs: 4.9.0 (/opt/ros/humble/share/nav_msgs/cmake)
[0.781s] -- Found tf2: 0.25.18 (/opt/ros/humble/share/tf2/cmake)
[0.791s] -- Found tf2_ros: 0.25.18 (/opt/ros/humble/share/tf2_ros/cmake)
[0.855s] -- Found urdf: 2.6.1 (/opt/ros/humble/share/urdf/cmake)
[0.880s] -- Found ament_lint_auto: 0.12.14 (/opt/ros/humble/share/ament_lint_auto/cmake)
[0.925s] -- Configuring done
[0.930s] -- Generating done
[0.931s] -- Build files have been written to: /workspace/spear/ackermann_ws/build/ackermann_nav
[0.938s] Invoked command in '/workspace/spear/ackermann_ws/build/ackermann_nav' returned '0': CMAKE_PREFIX_PATH=/opt/ros/humble /usr/bin/cmake /workspace/spear/ackermann_ws/src/ackermann_nav -DAMENT_CMAKE_SYMLINK_INSTALL=1 -DCMAKE_INSTALL_PREFIX=/workspace/spear/ackermann_ws/install/ackermann_nav
[0.939s] Invoking command in '/workspace/spear/ackermann_ws/build/ackermann_nav': CMAKE_PREFIX_PATH=/opt/ros/humble /usr/bin/cmake --build /workspace/spear/ackermann_ws/build/ackermann_nav -- -j20 -l20
[0.969s] Invoked command in '/workspace/spear/ackermann_ws/build/ackermann_nav' returned '0': CMAKE_PREFIX_PATH=/opt/ros/humble /usr/bin/cmake --build /workspace/spear/ackermann_ws/build/ackermann_nav -- -j20 -l20
[0.976s] Invoking command in '/workspace/spear/ackermann_ws/build/ackermann_nav': CMAKE_PREFIX_PATH=/opt/ros/humble /usr/bin/cmake --install /workspace/spear/ackermann_ws/build/ackermann_nav
[0.981s] -- Install configuration: ""
[0.981s] -- Execute custom install script
[0.982s] -- Symlinking: /workspace/spear/ackermann_ws/install/ackermann_nav/share/ackermann_nav//launch/.gitkeep
[0.990s] -- Symlinking: /workspace/spear/ackermann_ws/install/ackermann_nav/share/ackermann_nav//config/.gitkeep
[0.996s] -- Symlinking: /workspace/spear/ackermann_ws/install/ackermann_nav/share/ackermann_nav//urdf/.gitkeep
[1.001s] -- Symlinking: /workspace/spear/ackermann_ws/install/ackermann_nav/share/ackermann_nav//worlds/.gitkeep
[1.007s] -- Symlinking: /workspace/spear/ackermann_ws/install/ackermann_nav/share/ackermann_nav//rviz/.gitkeep
[1.015s] -- Symlinking: /workspace/spear/ackermann_ws/install/ackermann_nav/share/ament_index/resource_index/package_run_dependencies/ackermann_nav
[1.022s] -- Symlinking: /workspace/spear/ackermann_ws/install/ackermann_nav/share/ament_index/resource_index/parent_prefix_path/ackermann_nav
[1.029s] -- Symlinking: /workspace/spear/ackermann_ws/install/ackermann_nav/share/ackermann_nav/environment/ament_prefix_path.sh
[1.035s] -- Symlinking: /workspace/spear/ackermann_ws/install/ackermann_nav/share/ackermann_nav/environment/ament_prefix_path.dsv
[1.040s] -- Symlinking: /workspace/spear/ackermann_ws/install/ackermann_nav/share/ackermann_nav/environment/path.sh
[1.045s] -- Symlinking: /workspace/spear/ackermann_ws/install/ackermann_nav/share/ackermann_nav/environment/path.dsv
[1.053s] -- Symlinking: /workspace/spear/ackermann_ws/install/ackermann_nav/share/ackermann_nav/local_setup.bash
[1.060s] -- Symlinking: /workspace/spear/ackermann_ws/install/ackermann_nav/share/ackermann_nav/local_setup.sh
[1.065s] -- Symlinking: /workspace/spear/ackermann_ws/install/ackermann_nav/share/ackermann_nav/local_setup.zsh
[1.071s] -- Symlinking: /workspace/spear/ackermann_ws/install/ackermann_nav/share/ackermann_nav/local_setup.dsv
[1.078s] -- Symlinking: /workspace/spear/ackermann_ws/install/ackermann_nav/share/ackermann_nav/package.dsv
[1.086s] -- Symlinking: /workspace/spear/ackermann_ws/install/ackermann_nav/share/ament_index/resource_index/packages/ackermann_nav
[1.092s] -- Symlinking: /workspace/spear/ackermann_ws/install/ackermann_nav/share/ackermann_nav/cmake/ackermann_navConfig.cmake
[1.097s] -- Symlinking: /workspace/spear/ackermann_ws/install/ackermann_nav/share/ackermann_nav/cmake/ackermann_navConfig-version.cmake
[1.103s] -- Symlinking: /workspace/spear/ackermann_ws/install/ackermann_nav/share/ackermann_nav/package.xml
[1.110s] Invoked command in '/workspace/spear/ackermann_ws/build/ackermann_nav' returned '0': CMAKE_PREFIX_PATH=/opt/ros/humble /usr/bin/cmake --install /workspace/spear/ackermann_ws/build/ackermann_nav
