-- Install configuration: ""
-- Execute custom install script
-- Up-to-date symlink: /workspace/spear/ackermann_ws/install/ackermann_nav/share/ackermann_nav//launch/.gitkeep
-- Symlinking: /workspace/spear/ackermann_ws/install/ackermann_nav/share/ackermann_nav//launch/real_robot.launch.py
-- Up-to-date symlink: /workspace/spear/ackermann_ws/install/ackermann_nav/share/ackermann_nav//config/.gitkeep
-- Symlinking: /workspace/spear/ackermann_ws/install/ackermann_nav/share/ackermann_nav//config/ekf.yaml
-- Up-to-date symlink: /workspace/spear/ackermann_ws/install/ackermann_nav/share/ackermann_nav//urdf/.gitkeep
-- Symlinking: /workspace/spear/ackermann_ws/install/ackermann_nav/share/ackermann_nav//urdf/ackermann_stereo.urdf
-- Up-to-date symlink: /workspace/spear/ackermann_ws/install/ackermann_nav/share/ackermann_nav//worlds/.gitkeep
-- Up-to-date symlink: /workspace/spear/ackermann_ws/install/ackermann_nav/share/ackermann_nav//rviz/.gitkeep
-- Up-to-date symlink: /workspace/spear/ackermann_ws/install/ackermann_nav/share/ament_index/resource_index/package_run_dependencies/ackermann_nav
-- Up-to-date symlink: /workspace/spear/ackermann_ws/install/ackermann_nav/share/ament_index/resource_index/parent_prefix_path/ackermann_nav
-- Up-to-date symlink: /workspace/spear/ackermann_ws/install/ackermann_nav/share/ackermann_nav/environment/ament_prefix_path.sh
-- Up-to-date symlink: /workspace/spear/ackermann_ws/install/ackermann_nav/share/ackermann_nav/environment/ament_prefix_path.dsv
-- Up-to-date symlink: /workspace/spear/ackermann_ws/install/ackermann_nav/share/ackermann_nav/environment/path.sh
-- Up-to-date symlink: /workspace/spear/ackermann_ws/install/ackermann_nav/share/ackermann_nav/environment/path.dsv
-- Up-to-date symlink: /workspace/spear/ackermann_ws/install/ackermann_nav/share/ackermann_nav/local_setup.bash
-- Up-to-date symlink: /workspace/spear/ackermann_ws/install/ackermann_nav/share/ackermann_nav/local_setup.sh
-- Up-to-date symlink: /workspace/spear/ackermann_ws/install/ackermann_nav/share/ackermann_nav/local_setup.zsh
-- Up-to-date symlink: /workspace/spear/ackermann_ws/install/ackermann_nav/share/ackermann_nav/local_setup.dsv
-- Symlinking: /workspace/spear/ackermann_ws/install/ackermann_nav/share/ackermann_nav/package.dsv
-- Up-to-date symlink: /workspace/spear/ackermann_ws/install/ackermann_nav/share/ament_index/resource_index/packages/ackermann_nav
-- Up-to-date symlink: /workspace/spear/ackermann_ws/install/ackermann_nav/share/ackermann_nav/cmake/ackermann_navConfig.cmake
-- Up-to-date symlink: /workspace/spear/ackermann_ws/install/ackermann_nav/share/ackermann_nav/cmake/ackermann_navConfig-version.cmake
-- Up-to-date symlink: /workspace/spear/ackermann_ws/install/ackermann_nav/share/ackermann_nav/package.xml
