[0.021s] Invoking command in '/workspace/spear/ackermann_ws/build/ackermann_nav': CMAKE_PREFIX_PATH=${CMAKE_PREFIX_PATH}:/opt/ros/humble /usr/bin/cmake --build /workspace/spear/ackermann_ws/build/ackermann_nav -- -j20 -l20
[0.121s] Invoked command in '/workspace/spear/ackermann_ws/build/ackermann_nav' returned '0': CMAKE_PREFIX_PATH=${CMAKE_PREFIX_PATH}:/opt/ros/humble /usr/bin/cmake --build /workspace/spear/ackermann_ws/build/ackermann_nav -- -j20 -l20
[0.128s] Invoking command in '/workspace/spear/ackermann_ws/build/ackermann_nav': CMAKE_PREFIX_PATH=${CMAKE_PREFIX_PATH}:/opt/ros/humble /usr/bin/cmake --install /workspace/spear/ackermann_ws/build/ackermann_nav
[0.133s] -- Install configuration: ""
[0.134s] -- Execute custom install script
[0.135s] -- Up-to-date symlink: /workspace/spear/ackermann_ws/install/ackermann_nav/share/ackermann_nav//launch/.gitkeep
[0.136s] -- Symlinking: /workspace/spear/ackermann_ws/install/ackermann_nav/share/ackermann_nav//launch/real_robot.launch.py
[0.142s] -- Up-to-date symlink: /workspace/spear/ackermann_ws/install/ackermann_nav/share/ackermann_nav//config/.gitkeep
[0.142s] -- Symlinking: /workspace/spear/ackermann_ws/install/ackermann_nav/share/ackermann_nav//config/ekf.yaml
[0.148s] -- Up-to-date symlink: /workspace/spear/ackermann_ws/install/ackermann_nav/share/ackermann_nav//urdf/.gitkeep
[0.148s] -- Symlinking: /workspace/spear/ackermann_ws/install/ackermann_nav/share/ackermann_nav//urdf/ackermann_stereo.urdf
[0.155s] -- Up-to-date symlink: /workspace/spear/ackermann_ws/install/ackermann_nav/share/ackermann_nav//worlds/.gitkeep
[0.155s] -- Up-to-date symlink: /workspace/spear/ackermann_ws/install/ackermann_nav/share/ackermann_nav//rviz/.gitkeep
[0.156s] -- Up-to-date symlink: /workspace/spear/ackermann_ws/install/ackermann_nav/share/ament_index/resource_index/package_run_dependencies/ackermann_nav
[0.156s] -- Up-to-date symlink: /workspace/spear/ackermann_ws/install/ackermann_nav/share/ament_index/resource_index/parent_prefix_path/ackermann_nav
[0.156s] -- Up-to-date symlink: /workspace/spear/ackermann_ws/install/ackermann_nav/share/ackermann_nav/environment/ament_prefix_path.sh
[0.156s] -- Up-to-date symlink: /workspace/spear/ackermann_ws/install/ackermann_nav/share/ackermann_nav/environment/ament_prefix_path.dsv
[0.157s] -- Up-to-date symlink: /workspace/spear/ackermann_ws/install/ackermann_nav/share/ackermann_nav/environment/path.sh
[0.157s] -- Up-to-date symlink: /workspace/spear/ackermann_ws/install/ackermann_nav/share/ackermann_nav/environment/path.dsv
[0.157s] -- Up-to-date symlink: /workspace/spear/ackermann_ws/install/ackermann_nav/share/ackermann_nav/local_setup.bash
[0.158s] -- Up-to-date symlink: /workspace/spear/ackermann_ws/install/ackermann_nav/share/ackermann_nav/local_setup.sh
[0.158s] -- Up-to-date symlink: /workspace/spear/ackermann_ws/install/ackermann_nav/share/ackermann_nav/local_setup.zsh
[0.158s] -- Up-to-date symlink: /workspace/spear/ackermann_ws/install/ackermann_nav/share/ackermann_nav/local_setup.dsv
[0.158s] -- Symlinking: /workspace/spear/ackermann_ws/install/ackermann_nav/share/ackermann_nav/package.dsv
[0.166s] -- Up-to-date symlink: /workspace/spear/ackermann_ws/install/ackermann_nav/share/ament_index/resource_index/packages/ackermann_nav
[0.166s] -- Up-to-date symlink: /workspace/spear/ackermann_ws/install/ackermann_nav/share/ackermann_nav/cmake/ackermann_navConfig.cmake
[0.166s] -- Up-to-date symlink: /workspace/spear/ackermann_ws/install/ackermann_nav/share/ackermann_nav/cmake/ackermann_navConfig-version.cmake
[0.166s] -- Up-to-date symlink: /workspace/spear/ackermann_ws/install/ackermann_nav/share/ackermann_nav/package.xml
[0.168s] Invoked command in '/workspace/spear/ackermann_ws/build/ackermann_nav' returned '0': CMAKE_PREFIX_PATH=${CMAKE_PREFIX_PATH}:/opt/ros/humble /usr/bin/cmake --install /workspace/spear/ackermann_ws/build/ackermann_nav
